c:\users\matt\source\repos\monopolysimulation\monopolysimulation\debug\vc142.pdb
c:\users\matt\source\repos\monopolysimulation\monopolysimulation\debug\vc142.idb
c:\users\matt\source\repos\monopolysimulation\monopolysimulation\debug\source.obj
c:\users\matt\source\repos\monopolysimulation\monopolysimulation\debug\game.obj
c:\users\matt\source\repos\monopolysimulation\monopolysimulation\debug\server.obj
c:\users\matt\source\repos\monopolysimulation\monopolysimulation\debug\propertycollection.obj
c:\users\matt\source\repos\monopolysimulation\monopolysimulation\debug\property.obj
c:\users\matt\source\repos\monopolysimulation\monopolysimulation\debug\playerdata.obj
c:\users\matt\source\repos\monopolysimulation\monopolysimulation\debug\monopoly.obj
c:\users\matt\source\repos\monopolysimulation\monopolysimulation\debug\clientconnection.obj
c:\users\matt\source\repos\monopolysimulation\monopolysimulation\debug\client.obj
c:\users\matt\source\repos\monopolysimulation\monopolysimulation\debug\board.obj
c:\users\matt\source\repos\monopolysimulation\monopolysimulation\debug\blue.obj
c:\users\matt\source\repos\monopolysimulation\debug\monopolysimulation.pdb
c:\users\matt\source\repos\monopolysimulation\monopolysimulation\debug\monopoly.651b3980.tlog\cl.command.1.tlog
c:\users\matt\source\repos\monopolysimulation\monopolysimulation\debug\monopoly.651b3980.tlog\cl.read.1.tlog
c:\users\matt\source\repos\monopolysimulation\monopolysimulation\debug\monopoly.651b3980.tlog\cl.write.1.tlog
c:\users\matt\source\repos\monopolysimulation\monopolysimulation\debug\monopoly.651b3980.tlog\link-cvtres.read.1.tlog
c:\users\matt\source\repos\monopolysimulation\monopolysimulation\debug\monopoly.651b3980.tlog\link-cvtres.write.1.tlog
c:\users\matt\source\repos\monopolysimulation\monopolysimulation\debug\monopoly.651b3980.tlog\link-rc.read.1.tlog
c:\users\matt\source\repos\monopolysimulation\monopolysimulation\debug\monopoly.651b3980.tlog\link-rc.write.1.tlog
c:\users\matt\source\repos\monopolysimulation\monopolysimulation\debug\monopoly.651b3980.tlog\link.10516-cvtres.read.1.tlog
c:\users\matt\source\repos\monopolysimulation\monopolysimulation\debug\monopoly.651b3980.tlog\link.10516-cvtres.write.1.tlog
c:\users\matt\source\repos\monopolysimulation\monopolysimulation\debug\monopoly.651b3980.tlog\link.10516-rc.read.1.tlog
c:\users\matt\source\repos\monopolysimulation\monopolysimulation\debug\monopoly.651b3980.tlog\link.10516-rc.write.1.tlog
c:\users\matt\source\repos\monopolysimulation\monopolysimulation\debug\monopoly.651b3980.tlog\link.10516.read.1.tlog
c:\users\matt\source\repos\monopolysimulation\monopolysimulation\debug\monopoly.651b3980.tlog\link.10516.write.1.tlog
c:\users\matt\source\repos\monopolysimulation\monopolysimulation\debug\monopoly.651b3980.tlog\link.command.1.tlog
c:\users\matt\source\repos\monopolysimulation\monopolysimulation\debug\monopoly.651b3980.tlog\link.read.1.tlog
c:\users\matt\source\repos\monopolysimulation\monopolysimulation\debug\monopoly.651b3980.tlog\link.write.1.tlog
